Using pre-set license
Built from '2020.2/release' branch; Version is '2020.2.2f1 (068178b99f32) revision 426360'; Using compiler version '192528614'; Build Type 'Release'
OS: 'Windows 10 Home; OS build 19041.804; Version 2004; 64bit' Language: 'en' Physical Memory: 16222 MB
BatchMode: 1, IsHumanControllingUs: 0, StartBugReporterOnCrash: 0, Is64bit: 1, IsPro: 0

 COMMAND LINE ARGUMENTS:
C:\Program Files\Unity\Hub\Editor\2020.2.2f1\Editor\Unity.exe
-adb2
-batchMode
-noUpm
-name
AssetImportWorker0
-projectPath
C:/Users/willd/Documents/Unity Projects/PrimEvil
-logFile
Logs/AssetImportWorker0.log
-srvPort
63603
Successfully changed project path to: C:/Users/willd/Documents/Unity Projects/PrimEvil
C:/Users/willd/Documents/Unity Projects/PrimEvil
Using Asset Import Pipeline V2.
Refreshing native plugins compatible for Editor in 35.32 ms, found 0 plugins.
Preloading 0 native plugins for Editor in 0.00 ms.
Initialize engine version: 2020.2.2f1 (068178b99f32)
[Subsystems] Discovering subsystems at path C:/Program Files/Unity/Hub/Editor/2020.2.2f1/Editor/Data/Resources/UnitySubsystems
[Subsystems] Discovering subsystems at path C:/Users/willd/Documents/Unity Projects/PrimEvil/Assets
GfxDevice: creating device client; threaded=0
Direct3D:
    Version:  Direct3D 11.0 [level 11.1]
    Renderer: NVIDIA GeForce RTX 2060 (ID=0x1f15)
    Vendor:   
    VRAM:     5980 MB
    Driver:   27.21.14.5763
Initialize mono
Mono path[0] = 'C:/Program Files/Unity/Hub/Editor/2020.2.2f1/Editor/Data/Managed'
Mono path[1] = 'C:/Program Files/Unity/Hub/Editor/2020.2.2f1/Editor/Data/MonoBleedingEdge/lib/mono/unityjit'
Mono config path = 'C:/Program Files/Unity/Hub/Editor/2020.2.2f1/Editor/Data/MonoBleedingEdge/etc'
Using monoOptions --debugger-agent=transport=dt_socket,embedding=1,server=y,suspend=n,address=127.0.0.1:56624
Begin MonoManager ReloadAssembly
Registering precompiled unity dll's ...
Register platform support module: C:/Program Files/Unity/Hub/Editor/2020.2.2f1/Editor/Data/PlaybackEngines/WindowsStandaloneSupport/UnityEditor.WindowsStandalone.Extensions.dll
Registered in 0.001480 seconds.
Native extension for WindowsStandalone target not found
Refreshing native plugins compatible for Editor in 36.00 ms, found 0 plugins.
Preloading 0 native plugins for Editor in 0.00 ms.
Invoked RoslynAnalysisRunner static constructor.
RoslynAnalysisRunner will not be running.
RoslynAnalysisRunner has terminated.
Mono: successfully reloaded assembly
- Completed reload, in  0.919 seconds
Platform modules already initialized, skipping
Registering precompiled user dll's ...
Registered in 0.001679 seconds.
Begin MonoManager ReloadAssembly
Native extension for WindowsStandalone target not found
Refreshing native plugins compatible for Editor in 0.40 ms, found 0 plugins.
Preloading 0 native plugins for Editor in 0.00 ms.
DisplayProgressbar: Restoring NuGet Packages
Invoked RoslynAnalysisRunner static constructor.
RoslynAnalysisRunner will not be running.
RoslynAnalysisRunner has terminated.
Mono: successfully reloaded assembly
- Completed reload, in  0.772 seconds
Platform modules already initialized, skipping
========================================================================
Worker process is ready to serve import requests
Launched and connected shader compiler UnityShaderCompiler.exe after 0.03 seconds
Refreshing native plugins compatible for Editor in 0.39 ms, found 0 plugins.
Preloading 0 native plugins for Editor in 0.00 ms.
Unloading 1203 Unused Serialized files (Serialized files now loaded: 0)
System memory in use before: 62.3 MB.
System memory in use after: 62.4 MB.

Unloading 18 unused Assets to reduce memory usage. Loaded Objects now: 1648.
Total: 1.746700 ms (FindLiveObjects: 0.108500 ms CreateObjectMapping: 0.036000 ms MarkObjects: 1.560600 ms  DeleteObjects: 0.041100 ms)

========================================================================
Received Import Request.
  path: Assets/Home.unity
  artifactKey: Guid(4b4629a052fd0f748aad748996e0d0a1) Importer(815301076,1909f56bfc062723c751e8b465ee728b)
Start importing Assets/Home.unity using Guid(4b4629a052fd0f748aad748996e0d0a1) Importer(815301076,1909f56bfc062723c751e8b465ee728b)  -> (artifact id: '0e7d82a43ec86736ae4a1aed912b2115') in 0.013157 seconds
  Import took 0.015070 seconds .

========================================================================
Received Import Request.
  Time since last request: 16.426732 seconds.
  path: Assets/Warehouse Floor.unity
  artifactKey: Guid(323872dad93c86f43937aca0278ffb40) Importer(815301076,1909f56bfc062723c751e8b465ee728b)
Start importing Assets/Warehouse Floor.unity using Guid(323872dad93c86f43937aca0278ffb40) Importer(815301076,1909f56bfc062723c751e8b465ee728b)  -> (artifact id: '10094b488fa68fd819c6d5900d782c18') in 0.007236 seconds
  Import took 0.009184 seconds .

========================================================================
Received Prepare
Registering precompiled user dll's ...
Registered in 0.001547 seconds.
Begin MonoManager ReloadAssembly
Native extension for WindowsStandalone target not found
Refreshing native plugins compatible for Editor in 0.41 ms, found 0 plugins.
Preloading 0 native plugins for Editor in 0.00 ms.
Invoked RoslynAnalysisRunner static constructor.
RoslynAnalysisRunner will not be running.
RoslynAnalysisRunner has terminated.
Mono: successfully reloaded assembly
- Completed reload, in  0.761 seconds
Platform modules already initialized, skipping
Refreshing native plugins compatible for Editor in 0.40 ms, found 0 plugins.
Preloading 0 native plugins for Editor in 0.00 ms.
Unloading 1185 Unused Serialized files (Serialized files now loaded: 0)
System memory in use before: 61.5 MB.
System memory in use after: 61.6 MB.

Unloading 9 unused Assets to reduce memory usage. Loaded Objects now: 1651.
Total: 1.672900 ms (FindLiveObjects: 0.209100 ms CreateObjectMapping: 0.068300 ms MarkObjects: 1.339300 ms  DeleteObjects: 0.055200 ms)

========================================================================
Received Prepare
Registering precompiled user dll's ...
Registered in 0.001559 seconds.
Begin MonoManager ReloadAssembly
Native extension for WindowsStandalone target not found
Refreshing native plugins compatible for Editor in 0.40 ms, found 0 plugins.
Preloading 0 native plugins for Editor in 0.00 ms.
Invoked RoslynAnalysisRunner static constructor.
RoslynAnalysisRunner will not be running.
RoslynAnalysisRunner has terminated.
Mono: successfully reloaded assembly
- Completed reload, in  0.749 seconds
Platform modules already initialized, skipping
Refreshing native plugins compatible for Editor in 0.43 ms, found 0 plugins.
Preloading 0 native plugins for Editor in 0.00 ms.
Unloading 1185 Unused Serialized files (Serialized files now loaded: 0)
System memory in use before: 61.7 MB.
System memory in use after: 61.8 MB.

Unloading 9 unused Assets to reduce memory usage. Loaded Objects now: 1654.
Total: 1.720500 ms (FindLiveObjects: 0.145500 ms CreateObjectMapping: 0.037700 ms MarkObjects: 1.482500 ms  DeleteObjects: 0.053900 ms)

========================================================================
Received Prepare
Registering precompiled user dll's ...
Registered in 0.001577 seconds.
Begin MonoManager ReloadAssembly
Native extension for WindowsStandalone target not found
Refreshing native plugins compatible for Editor in 0.42 ms, found 0 plugins.
Preloading 0 native plugins for Editor in 0.00 ms.
Invoked RoslynAnalysisRunner static constructor.
RoslynAnalysisRunner will not be running.
RoslynAnalysisRunner has terminated.
Mono: successfully reloaded assembly
- Completed reload, in  0.764 seconds
Platform modules already initialized, skipping
Refreshing native plugins compatible for Editor in 0.41 ms, found 0 plugins.
Preloading 0 native plugins for Editor in 0.00 ms.
Unloading 1185 Unused Serialized files (Serialized files now loaded: 0)
System memory in use before: 62.0 MB.
System memory in use after: 62.1 MB.

Unloading 9 unused Assets to reduce memory usage. Loaded Objects now: 1657.
Total: 1.432900 ms (FindLiveObjects: 0.160000 ms CreateObjectMapping: 0.037500 ms MarkObjects: 1.222800 ms  DeleteObjects: 0.011700 ms)

========================================================================
Received Prepare
Refreshing native plugins compatible for Editor in 1.65 ms, found 0 plugins.
Preloading 0 native plugins for Editor in 0.00 ms.
Unloading 8 Unused Serialized files (Serialized files now loaded: 0)
System memory in use before: 38.8 MB.
System memory in use after: 38.9 MB.

Unloading 7 unused Assets to reduce memory usage. Loaded Objects now: 1657.
Total: 1.681900 ms (FindLiveObjects: 0.143400 ms CreateObjectMapping: 0.040200 ms MarkObjects: 1.485300 ms  DeleteObjects: 0.012000 ms)

========================================================================
Received Prepare
Refreshing native plugins compatible for Editor in 1.55 ms, found 0 plugins.
Preloading 0 native plugins for Editor in 0.00 ms.
Unloading 8 Unused Serialized files (Serialized files now loaded: 0)
System memory in use before: 38.9 MB.
System memory in use after: 39.0 MB.

Unloading 7 unused Assets to reduce memory usage. Loaded Objects now: 1657.
Total: 1.827200 ms (FindLiveObjects: 0.172400 ms CreateObjectMapping: 0.063900 ms MarkObjects: 1.561500 ms  DeleteObjects: 0.009500 ms)

========================================================================
Received Import Request.
  Time since last request: 269.283757 seconds.
  path: Assets/Box_Small.prefab
  artifactKey: Guid(f23c30da48f9ee64c9d7e7521adad33b) Importer(815301076,1909f56bfc062723c751e8b465ee728b)
Start importing Assets/Box_Small.prefab using Guid(f23c30da48f9ee64c9d7e7521adad33b) Importer(815301076,1909f56bfc062723c751e8b465ee728b)  -> (artifact id: '8c63ddbc86d090238d6ed27dfd0b4dc7') in 0.084830 seconds
  Import took 0.086657 seconds .

========================================================================
Received Import Request.
  Time since last request: 1.690012 seconds.
  path: Assets/Animated_Tile.cs
  artifactKey: Guid(92b4317a36cca744bab3caaf7636a853) Importer(815301076,1909f56bfc062723c751e8b465ee728b)
Start importing Assets/Animated_Tile.cs using Guid(92b4317a36cca744bab3caaf7636a853) Importer(815301076,1909f56bfc062723c751e8b465ee728b)  -> (artifact id: '34c9d9249d9768b27a998e4e351bf1f8') in 0.020245 seconds
  Import took 0.022007 seconds .

========================================================================
Received Import Request.
  Time since last request: 0.006624 seconds.
  path: Assets/Animated_Tile.cs
  artifactKey: Guid(92b4317a36cca744bab3caaf7636a853) Importer(815301076,1909f56bfc062723c751e8b465ee728b)
Start importing Assets/Animated_Tile.cs using Guid(92b4317a36cca744bab3caaf7636a853) Importer(815301076,1909f56bfc062723c751e8b465ee728b)  -> (artifact id: '34c9d9249d9768b27a998e4e351bf1f8') in 0.002561 seconds
  Import took 0.004466 seconds .

========================================================================
Received Import Request.
  Time since last request: 16.683277 seconds.
  path: Assets/Animations
  artifactKey: Guid(720963ed916193e4ebfbea5e5eb04ad0) Importer(815301076,1909f56bfc062723c751e8b465ee728b)
Start importing Assets/Animations using Guid(720963ed916193e4ebfbea5e5eb04ad0) Importer(815301076,1909f56bfc062723c751e8b465ee728b)  -> (artifact id: '61e7f8a94fb5ae69e577eb3fbfb5c845') in 0.007250 seconds
  Import took 0.016765 seconds .

========================================================================
Received Import Request.
  Time since last request: 3.864900 seconds.
  path: Assets/Animations/Incorrect.controller
  artifactKey: Guid(6e895c5f7f9feb4488b43c4976c73e68) Importer(815301076,1909f56bfc062723c751e8b465ee728b)
Start importing Assets/Animations/Incorrect.controller using Guid(6e895c5f7f9feb4488b43c4976c73e68) Importer(815301076,1909f56bfc062723c751e8b465ee728b)  -> (artifact id: '2364b0ff6902b0a027307712f6933d51') in 0.009327 seconds
  Import took 0.011538 seconds .

========================================================================
Received Import Request.
  Time since last request: 0.543948 seconds.
  path: Assets/Animations/MaskDropOff.anim
  artifactKey: Guid(dbbd04f710c061a49a48b886f627649f) Importer(815301076,1909f56bfc062723c751e8b465ee728b)
Start importing Assets/Animations/MaskDropOff.anim using Guid(dbbd04f710c061a49a48b886f627649f) Importer(815301076,1909f56bfc062723c751e8b465ee728b)  -> (artifact id: '8187ff633e4f12c3340f77d18f959467') in 0.007254 seconds
  Import took 0.009480 seconds .

========================================================================
Received Import Request.
  Time since last request: 1.610748 seconds.
  path: Assets/Animations/MaskedWalkRight.anim
  artifactKey: Guid(0620da9ab3f07ab4d9725f2806d28ceb) Importer(815301076,1909f56bfc062723c751e8b465ee728b)
Start importing Assets/Animations/MaskedWalkRight.anim using Guid(0620da9ab3f07ab4d9725f2806d28ceb) Importer(815301076,1909f56bfc062723c751e8b465ee728b)  -> (artifact id: 'be1b413d44eef41366cd0ed7c8d0e08c') in 0.008467 seconds
  Import took 0.010377 seconds .

========================================================================
Received Import Request.
  Time since last request: 0.000548 seconds.
  path: Assets/Animations/MaskedWalkRight.anim
  artifactKey: Guid(0620da9ab3f07ab4d9725f2806d28ceb) Importer(815301076,1909f56bfc062723c751e8b465ee728b)
Start importing Assets/Animations/MaskedWalkRight.anim using Guid(0620da9ab3f07ab4d9725f2806d28ceb) Importer(815301076,1909f56bfc062723c751e8b465ee728b)  -> (artifact id: 'be1b413d44eef41366cd0ed7c8d0e08c') in 0.002924 seconds
  Import took 0.005069 seconds .

========================================================================
Received Import Request.
  Time since last request: 1.623799 seconds.
  path: Assets/Animations/DropOff.anim
  artifactKey: Guid(21b891bb98261d5469f65d286f5d4477) Importer(815301076,1909f56bfc062723c751e8b465ee728b)
Start importing Assets/Animations/DropOff.anim using Guid(21b891bb98261d5469f65d286f5d4477) Importer(815301076,1909f56bfc062723c751e8b465ee728b)  -> (artifact id: '8fa7d9a2b0ce086f4d31b8a67e46de75') in 0.008386 seconds
  Import took 0.019827 seconds .

========================================================================
Received Import Request.
  Time since last request: 6.160231 seconds.
  path: Assets/Animated Tiles
  artifactKey: Guid(da333653431d8cb4b9ed0a67fbd7b065) Importer(815301076,1909f56bfc062723c751e8b465ee728b)
Start importing Assets/Animated Tiles using Guid(da333653431d8cb4b9ed0a67fbd7b065) Importer(815301076,1909f56bfc062723c751e8b465ee728b)  -> (artifact id: '85a1937dcf3c3d13b6387ca90bd71378') in 0.007667 seconds
  Import took 0.009571 seconds .

========================================================================
Received Import Request.
  Time since last request: 0.052467 seconds.
  path: Assets/Animated Tiles/Horizontal End.asset
  artifactKey: Guid(1c57ecfe636cba04d91331598ca349cb) Importer(815301076,1909f56bfc062723c751e8b465ee728b)
Start importing Assets/Animated Tiles/Horizontal End.asset using Guid(1c57ecfe636cba04d91331598ca349cb) Importer(815301076,1909f56bfc062723c751e8b465ee728b)  -> (artifact id: '4859417e781255684e7b6e1954865cb4') in 0.009470 seconds
  Import took 0.011390 seconds .

========================================================================
Received Import Request.
  Time since last request: 0.000242 seconds.
  path: Assets/Animated Tiles/Moniter.asset
  artifactKey: Guid(105ccee2e28a0a24a95b40c8743b6f93) Importer(815301076,1909f56bfc062723c751e8b465ee728b)
Start importing Assets/Animated Tiles/Moniter.asset using Guid(105ccee2e28a0a24a95b40c8743b6f93) Importer(815301076,1909f56bfc062723c751e8b465ee728b)  -> (artifact id: '8bdd16e76b548f3d2f2b4d345be87e54') in 0.005818 seconds
  Import took 0.007757 seconds .

========================================================================
Received Import Request.
  Time since last request: 0.000246 seconds.
  path: Assets/Animated Tiles/Horizontal Reversed start.asset
  artifactKey: Guid(d05c134df15aea24ea82fe5fc8a26246) Importer(815301076,1909f56bfc062723c751e8b465ee728b)
Start importing Assets/Animated Tiles/Horizontal Reversed start.asset using Guid(d05c134df15aea24ea82fe5fc8a26246) Importer(815301076,1909f56bfc062723c751e8b465ee728b)  -> (artifact id: '75dd3ccb592148e2b0ab73d344de4984') in 0.006353 seconds
  Import took 0.008463 seconds .

========================================================================
Received Import Request.
  Time since last request: 0.000273 seconds.
  path: Assets/Animated Tiles/Vartical Start.asset
  artifactKey: Guid(6419902b585dadb4e9be80ca072b59eb) Importer(815301076,1909f56bfc062723c751e8b465ee728b)
Start importing Assets/Animated Tiles/Vartical Start.asset using Guid(6419902b585dadb4e9be80ca072b59eb) Importer(815301076,1909f56bfc062723c751e8b465ee728b)  -> (artifact id: 'e10c188b1389b15b7e34f3e84f0d41f5') in 0.007027 seconds
  Import took 0.009095 seconds .

========================================================================
Received Import Request.
  Time since last request: 0.000270 seconds.
  path: Assets/Animated Tiles/Horizontal Reversed.asset
  artifactKey: Guid(1e584264edb63fd439542b8655aad2c8) Importer(815301076,1909f56bfc062723c751e8b465ee728b)
Start importing Assets/Animated Tiles/Horizontal Reversed.asset using Guid(1e584264edb63fd439542b8655aad2c8) Importer(815301076,1909f56bfc062723c751e8b465ee728b)  -> (artifact id: '249f1774656a8e31f01457950dda268b') in 0.007766 seconds
  Import took 0.009707 seconds .

========================================================================
Received Import Request.
  Time since last request: 0.000120 seconds.
  path: Assets/Animated Tiles/Vertical Reverse.asset
  artifactKey: Guid(cc39534ea808a9940bbae85d35b3658a) Importer(815301076,1909f56bfc062723c751e8b465ee728b)
Start importing Assets/Animated Tiles/Vertical Reverse.asset using Guid(cc39534ea808a9940bbae85d35b3658a) Importer(815301076,1909f56bfc062723c751e8b465ee728b)  -> (artifact id: '45601ead075ea97743947414c6615376') in 0.005904 seconds
  Import took 0.007671 seconds .

========================================================================
Received Import Request.
  Time since last request: 0.000153 seconds.
  path: Assets/Animated Tiles/Horizontal Middle.asset
  artifactKey: Guid(34a9349e4dfe45847a8e4f009d721f8b) Importer(815301076,1909f56bfc062723c751e8b465ee728b)
Start importing Assets/Animated Tiles/Horizontal Middle.asset using Guid(34a9349e4dfe45847a8e4f009d721f8b) Importer(815301076,1909f56bfc062723c751e8b465ee728b)  -> (artifact id: '55c55c75e02f5607b474d34e8b81f984') in 0.006738 seconds
  Import took 0.008561 seconds .

========================================================================
Received Import Request.
  Time since last request: 0.000120 seconds.
  path: Assets/Animated Tiles/Vetical End.asset
  artifactKey: Guid(44a7fc741b6b5f54cb24c82a0176c690) Importer(815301076,1909f56bfc062723c751e8b465ee728b)
Start importing Assets/Animated Tiles/Vetical End.asset using Guid(44a7fc741b6b5f54cb24c82a0176c690) Importer(815301076,1909f56bfc062723c751e8b465ee728b)  -> (artifact id: '3bd2b036962228b58a2e30a0ecfc4116') in 0.007113 seconds
  Import took 0.008775 seconds .

========================================================================
Received Import Request.
  Time since last request: 0.000116 seconds.
  path: Assets/Animated Tiles/Vertical Middle.asset
  artifactKey: Guid(bc9a69f61ca606c48a5307301adebabd) Importer(815301076,1909f56bfc062723c751e8b465ee728b)
Start importing Assets/Animated Tiles/Vertical Middle.asset using Guid(bc9a69f61ca606c48a5307301adebabd) Importer(815301076,1909f56bfc062723c751e8b465ee728b)  -> (artifact id: '129171708e832e5b6d9fedf698d452ff') in 0.006053 seconds
  Import took 0.007777 seconds .

========================================================================
Received Import Request.
  Time since last request: 1.866090 seconds.
  path: Assets/Tilesets/factory_tileset rollers hori.png
  artifactKey: Guid(f3bf679fc7377a54bbb302562c556735) Importer(815301076,1909f56bfc062723c751e8b465ee728b)
Start importing Assets/Tilesets/factory_tileset rollers hori.png using Guid(f3bf679fc7377a54bbb302562c556735) Importer(815301076,1909f56bfc062723c751e8b465ee728b)  -> (artifact id: '53770e47674840ae9070b81d13ac9712') in 0.203838 seconds
  Import took 0.206300 seconds .

========================================================================
Received Import Request.
  Time since last request: 9.326817 seconds.
  path: Assets/Animated Tiles/Stamps
  artifactKey: Guid(c74bb106dabb6a048ac0988c0ea1f0fd) Importer(815301076,1909f56bfc062723c751e8b465ee728b)
Start importing Assets/Animated Tiles/Stamps using Guid(c74bb106dabb6a048ac0988c0ea1f0fd) Importer(815301076,1909f56bfc062723c751e8b465ee728b)  -> (artifact id: '49d0aed0346b1b65148a2cdce8265239') in 0.008039 seconds
  Import took 0.009981 seconds .

========================================================================
Received Import Request.
  Time since last request: 0.470018 seconds.
  path: Assets/Animated Tiles/Characters
  artifactKey: Guid(d9da9fccd9a95674699754ef405e607d) Importer(815301076,1909f56bfc062723c751e8b465ee728b)
Start importing Assets/Animated Tiles/Characters using Guid(d9da9fccd9a95674699754ef405e607d) Importer(815301076,1909f56bfc062723c751e8b465ee728b)  -> (artifact id: '2e965e8f892448990e428c68565a6ab9') in 0.006959 seconds
  Import took 0.008829 seconds .

========================================================================
Received Import Request.
  Time since last request: 0.044932 seconds.
  path: Assets/Animated Tiles/Characters/friendhat.png
  artifactKey: Guid(a172529f4b8944547821364c2b62e9e8) Importer(815301076,1909f56bfc062723c751e8b465ee728b)
Start importing Assets/Animated Tiles/Characters/friendhat.png using Guid(a172529f4b8944547821364c2b62e9e8) Importer(815301076,1909f56bfc062723c751e8b465ee728b)  -> (artifact id: '17beff814e6a7b483fc16899fec7bebf') in 0.075487 seconds
  Import took 0.077711 seconds .

========================================================================
Received Import Request.
  Time since last request: 0.000207 seconds.
  path: Assets/Animated Tiles/Characters/worker-sheet_default.png
  artifactKey: Guid(f6939c40afd6f8a45b3cd84017d64a61) Importer(815301076,1909f56bfc062723c751e8b465ee728b)
Start importing Assets/Animated Tiles/Characters/worker-sheet_default.png using Guid(f6939c40afd6f8a45b3cd84017d64a61) Importer(815301076,1909f56bfc062723c751e8b465ee728b)  -> (artifact id: '34c594557425728a10ef98ee991cd8b0') in 0.099920 seconds
  Import took 0.101747 seconds .

========================================================================
Received Import Request.
  Time since last request: 0.000226 seconds.
  path: Assets/Animated Tiles/Characters/worker-sheet_mask.png
  artifactKey: Guid(7c617d5d63fb18045a1867b24446b9f3) Importer(815301076,1909f56bfc062723c751e8b465ee728b)
Start importing Assets/Animated Tiles/Characters/worker-sheet_mask.png using Guid(7c617d5d63fb18045a1867b24446b9f3) Importer(815301076,1909f56bfc062723c751e8b465ee728b)  -> (artifact id: '4f3dde8126ddf486c203160bb96ccea2') in 0.062425 seconds
  Import took 0.064149 seconds .

========================================================================
Received Import Request.
  Time since last request: 0.000246 seconds.
  path: Assets/Animated Tiles/Characters/worker-sheet_hat-and-mask.png
  artifactKey: Guid(3ba6bbe0bfda1ef43a085a0eaa3cddc6) Importer(815301076,1909f56bfc062723c751e8b465ee728b)
Start importing Assets/Animated Tiles/Characters/worker-sheet_hat-and-mask.png using Guid(3ba6bbe0bfda1ef43a085a0eaa3cddc6) Importer(815301076,1909f56bfc062723c751e8b465ee728b)  -> (artifact id: 'a8d290d7d570f744dbd47a36ae8fddce') in 0.062795 seconds
  Import took 0.064488 seconds .

========================================================================
Received Import Request.
  Time since last request: 0.000194 seconds.
  path: Assets/Animated Tiles/Characters/worker-sheet_hat.png
  artifactKey: Guid(12c063cdd18166b4585206a32d87f14c) Importer(815301076,1909f56bfc062723c751e8b465ee728b)
Start importing Assets/Animated Tiles/Characters/worker-sheet_hat.png using Guid(12c063cdd18166b4585206a32d87f14c) Importer(815301076,1909f56bfc062723c751e8b465ee728b)  -> (artifact id: '241fd5652f4fd9a6a431a25aa263a2ce') in 0.059414 seconds
  Import took 0.061156 seconds .

========================================================================
Received Import Request.
  Time since last request: 0.000199 seconds.
  path: Assets/Animated Tiles/Characters/friendhatandmask.png
  artifactKey: Guid(e4cf0caa773ef414ca0cb280767fd2b7) Importer(815301076,1909f56bfc062723c751e8b465ee728b)
Start importing Assets/Animated Tiles/Characters/friendhatandmask.png using Guid(e4cf0caa773ef414ca0cb280767fd2b7) Importer(815301076,1909f56bfc062723c751e8b465ee728b)  -> (artifact id: '4b58167c2893aa11bcbddd35c4aae672') in 0.056379 seconds
  Import took 0.058227 seconds .

========================================================================
Received Import Request.
  Time since last request: 4.632370 seconds.
  path: Assets/Animated Tiles/Stamps/Stamps.png
  artifactKey: Guid(5c399e151012fed45bd6e364f85f510b) Importer(815301076,1909f56bfc062723c751e8b465ee728b)
Start importing Assets/Animated Tiles/Stamps/Stamps.png using Guid(5c399e151012fed45bd6e364f85f510b) Importer(815301076,1909f56bfc062723c751e8b465ee728b)  -> (artifact id: 'fc325fda0714a2b2f8c4f49f9e7a74f5') in 0.038014 seconds
  Import took 0.040072 seconds .

========================================================================
Received Import Request.
  Time since last request: 0.000242 seconds.
  path: Assets/Animated Tiles/Stamps/StampTools.png
  artifactKey: Guid(a5728bc226c2bbc449f6b5d0b4162fd5) Importer(815301076,1909f56bfc062723c751e8b465ee728b)
Start importing Assets/Animated Tiles/Stamps/StampTools.png using Guid(a5728bc226c2bbc449f6b5d0b4162fd5) Importer(815301076,1909f56bfc062723c751e8b465ee728b)  -> (artifact id: 'e8d47c100e20a37d1ddd03f5dcd95190') in 0.050986 seconds
  Import took 0.053057 seconds .

========================================================================
Received Import Request.
  Time since last request: 4.042273 seconds.
  path: Assets/Tilesets/factory_tileset rollers vert.png
  artifactKey: Guid(b2ab475ee0bc8d74291577c45ac03e5d) Importer(815301076,1909f56bfc062723c751e8b465ee728b)
Start importing Assets/Tilesets/factory_tileset rollers vert.png using Guid(b2ab475ee0bc8d74291577c45ac03e5d) Importer(815301076,1909f56bfc062723c751e8b465ee728b)  -> (artifact id: 'e8b7fa520e8d34cb604f968f81d6f1c2') in 0.092766 seconds
  Import took 0.094725 seconds .

========================================================================
Received Prepare
Registering precompiled user dll's ...
Registered in 0.001503 seconds.
Begin MonoManager ReloadAssembly
Native extension for WindowsStandalone target not found
Refreshing native plugins compatible for Editor in 0.43 ms, found 0 plugins.
Preloading 0 native plugins for Editor in 0.00 ms.
Invoked RoslynAnalysisRunner static constructor.
RoslynAnalysisRunner will not be running.
RoslynAnalysisRunner has terminated.
Mono: successfully reloaded assembly
- Completed reload, in  0.718 seconds
Platform modules already initialized, skipping
Refreshing native plugins compatible for Editor in 0.40 ms, found 0 plugins.
Preloading 0 native plugins for Editor in 0.00 ms.
Unloading 1185 Unused Serialized files (Serialized files now loaded: 0)
System memory in use before: 65.7 MB.
System memory in use after: 65.8 MB.

Unloading 9 unused Assets to reduce memory usage. Loaded Objects now: 1731.
Total: 2.030000 ms (FindLiveObjects: 0.234700 ms CreateObjectMapping: 0.078700 ms MarkObjects: 1.677900 ms  DeleteObjects: 0.037800 ms)

========================================================================
Received Prepare
Registering precompiled user dll's ...
Registered in 0.001595 seconds.
Begin MonoManager ReloadAssembly
Native extension for WindowsStandalone target not found
Refreshing native plugins compatible for Editor in 0.39 ms, found 0 plugins.
Preloading 0 native plugins for Editor in 0.00 ms.
Invoked RoslynAnalysisRunner static constructor.
RoslynAnalysisRunner will not be running.
RoslynAnalysisRunner has terminated.
Mono: successfully reloaded assembly
- Completed reload, in  0.724 seconds
Platform modules already initialized, skipping
Refreshing native plugins compatible for Editor in 0.40 ms, found 0 plugins.
Preloading 0 native plugins for Editor in 0.00 ms.
Unloading 1185 Unused Serialized files (Serialized files now loaded: 0)
System memory in use before: 65.8 MB.
System memory in use after: 65.9 MB.

Unloading 9 unused Assets to reduce memory usage. Loaded Objects now: 1734.
Total: 1.537400 ms (FindLiveObjects: 0.237200 ms CreateObjectMapping: 0.036700 ms MarkObjects: 1.251000 ms  DeleteObjects: 0.011800 ms)

========================================================================
Received Prepare
Registering precompiled user dll's ...
Registered in 0.001606 seconds.
Begin MonoManager ReloadAssembly
Native extension for WindowsStandalone target not found
Refreshing native plugins compatible for Editor in 0.41 ms, found 0 plugins.
Preloading 0 native plugins for Editor in 0.00 ms.
Invoked RoslynAnalysisRunner static constructor.
RoslynAnalysisRunner will not be running.
RoslynAnalysisRunner has terminated.
Mono: successfully reloaded assembly
- Completed reload, in  0.921 seconds
Platform modules already initialized, skipping
Refreshing native plugins compatible for Editor in 0.40 ms, found 0 plugins.
Preloading 0 native plugins for Editor in 0.00 ms.
Unloading 1185 Unused Serialized files (Serialized files now loaded: 0)
System memory in use before: 66.3 MB.
System memory in use after: 66.4 MB.

Unloading 9 unused Assets to reduce memory usage. Loaded Objects now: 1737.
Total: 1.714100 ms (FindLiveObjects: 0.186500 ms CreateObjectMapping: 0.036900 ms MarkObjects: 1.478100 ms  DeleteObjects: 0.011800 ms)

========================================================================
Received Prepare
Refreshing native plugins compatible for Editor in 1.68 ms, found 0 plugins.
Preloading 0 native plugins for Editor in 0.00 ms.
Unloading 8 Unused Serialized files (Serialized files now loaded: 0)
System memory in use before: 43.1 MB.
System memory in use after: 43.2 MB.

Unloading 7 unused Assets to reduce memory usage. Loaded Objects now: 1737.
Total: 1.545000 ms (FindLiveObjects: 0.148800 ms CreateObjectMapping: 0.050600 ms MarkObjects: 1.333000 ms  DeleteObjects: 0.011700 ms)

========================================================================
Received Import Request.
  Time since last request: 81.101301 seconds.
  path: Assets/Animated Tiles/Horizontal Reversed start.asset
  artifactKey: Guid(d05c134df15aea24ea82fe5fc8a26246) Importer(815301076,1909f56bfc062723c751e8b465ee728b)
Start importing Assets/Animated Tiles/Horizontal Reversed start.asset using Guid(d05c134df15aea24ea82fe5fc8a26246) Importer(815301076,1909f56bfc062723c751e8b465ee728b)  -> (artifact id: '4597e821cdce301d1b4f8055dd642eb2') in 0.008779 seconds
  Import took 0.011063 seconds .

========================================================================
Received Import Request.
  Time since last request: 0.336328 seconds.
  path: Assets/Animated Tiles/Horizontal Reversed start.asset
  artifactKey: Guid(d05c134df15aea24ea82fe5fc8a26246) Importer(815301076,1909f56bfc062723c751e8b465ee728b)
Start importing Assets/Animated Tiles/Horizontal Reversed start.asset using Guid(d05c134df15aea24ea82fe5fc8a26246) Importer(815301076,1909f56bfc062723c751e8b465ee728b)  -> (artifact id: '4597e821cdce301d1b4f8055dd642eb2') in 0.003613 seconds
  Import took 0.005598 seconds .

AssetImportWorkerClient::OnTransportError - code=2 error=End of file
