Using pre-set license
Built from '2020.2/release' branch; Version is '2020.2.2f1 (068178b99f32) revision 426360'; Using compiler version '192528614'; Build Type 'Release'
OS: 'Windows 10 Home; OS build 19041.804; Version 2004; 64bit' Language: 'en' Physical Memory: 16222 MB
BatchMode: 1, IsHumanControllingUs: 0, StartBugReporterOnCrash: 0, Is64bit: 1, IsPro: 0

 COMMAND LINE ARGUMENTS:
C:\Program Files\Unity\Hub\Editor\2020.2.2f1\Editor\Unity.exe
-adb2
-batchMode
-noUpm
-name
AssetImportWorker0
-projectPath
C:/Users/willd/Documents/Unity Projects/PrimEvil
-logFile
Logs/AssetImportWorker0.log
-srvPort
62585
Successfully changed project path to: C:/Users/willd/Documents/Unity Projects/PrimEvil
C:/Users/willd/Documents/Unity Projects/PrimEvil
Using Asset Import Pipeline V2.
Refreshing native plugins compatible for Editor in 41.99 ms, found 0 plugins.
Preloading 0 native plugins for Editor in 0.00 ms.
Initialize engine version: 2020.2.2f1 (068178b99f32)
[Subsystems] Discovering subsystems at path C:/Program Files/Unity/Hub/Editor/2020.2.2f1/Editor/Data/Resources/UnitySubsystems
[Subsystems] Discovering subsystems at path C:/Users/willd/Documents/Unity Projects/PrimEvil/Assets
GfxDevice: creating device client; threaded=0
Direct3D:
    Version:  Direct3D 11.0 [level 11.1]
    Renderer: NVIDIA GeForce RTX 2060 (ID=0x1f15)
    Vendor:   
    VRAM:     5980 MB
    Driver:   27.21.14.5763
Initialize mono
Mono path[0] = 'C:/Program Files/Unity/Hub/Editor/2020.2.2f1/Editor/Data/Managed'
Mono path[1] = 'C:/Program Files/Unity/Hub/Editor/2020.2.2f1/Editor/Data/MonoBleedingEdge/lib/mono/unityjit'
Mono config path = 'C:/Program Files/Unity/Hub/Editor/2020.2.2f1/Editor/Data/MonoBleedingEdge/etc'
Using monoOptions --debugger-agent=transport=dt_socket,embedding=1,server=y,suspend=n,address=127.0.0.1:56192
Begin MonoManager ReloadAssembly
Registering precompiled unity dll's ...
Register platform support module: C:/Program Files/Unity/Hub/Editor/2020.2.2f1/Editor/Data/PlaybackEngines/WindowsStandaloneSupport/UnityEditor.WindowsStandalone.Extensions.dll
Registered in 0.001515 seconds.
Native extension for WindowsStandalone target not found
Refreshing native plugins compatible for Editor in 38.37 ms, found 0 plugins.
Preloading 0 native plugins for Editor in 0.00 ms.
Invoked RoslynAnalysisRunner static constructor.
RoslynAnalysisRunner will not be running.
RoslynAnalysisRunner has terminated.
Mono: successfully reloaded assembly
- Completed reload, in  0.931 seconds
Platform modules already initialized, skipping
Registering precompiled user dll's ...
Registered in 0.001602 seconds.
Begin MonoManager ReloadAssembly
Native extension for WindowsStandalone target not found
Refreshing native plugins compatible for Editor in 0.39 ms, found 0 plugins.
Preloading 0 native plugins for Editor in 0.00 ms.
DisplayProgressbar: Restoring NuGet Packages
Invoked RoslynAnalysisRunner static constructor.
RoslynAnalysisRunner will not be running.
RoslynAnalysisRunner has terminated.
Mono: successfully reloaded assembly
- Completed reload, in  0.824 seconds
Platform modules already initialized, skipping
========================================================================
Worker process is ready to serve import requests
Launched and connected shader compiler UnityShaderCompiler.exe after 0.03 seconds
Refreshing native plugins compatible for Editor in 0.40 ms, found 0 plugins.
Preloading 0 native plugins for Editor in 0.00 ms.
Unloading 1203 Unused Serialized files (Serialized files now loaded: 0)
System memory in use before: 62.3 MB.
System memory in use after: 62.4 MB.

Unloading 18 unused Assets to reduce memory usage. Loaded Objects now: 1648.
Total: 2.045500 ms (FindLiveObjects: 0.126300 ms CreateObjectMapping: 0.040500 ms MarkObjects: 1.789600 ms  DeleteObjects: 0.088100 ms)

========================================================================
Received Import Request.
  path: Assets/Animated Tiles/Horizontal Reversed start.asset
  artifactKey: Guid(d05c134df15aea24ea82fe5fc8a26246) Importer(815301076,1909f56bfc062723c751e8b465ee728b)
Start importing Assets/Animated Tiles/Horizontal Reversed start.asset using Guid(d05c134df15aea24ea82fe5fc8a26246) Importer(815301076,1909f56bfc062723c751e8b465ee728b)  -> (artifact id: 'a1bdaa74f3757373fccf5e2b77baabd1') in 0.022801 seconds
  Import took 0.024737 seconds .

========================================================================
Received Import Request.
  Time since last request: 10.877202 seconds.
  path: Assets/Box_Small.prefab
  artifactKey: Guid(f23c30da48f9ee64c9d7e7521adad33b) Importer(815301076,1909f56bfc062723c751e8b465ee728b)
Start importing Assets/Box_Small.prefab using Guid(f23c30da48f9ee64c9d7e7521adad33b) Importer(815301076,1909f56bfc062723c751e8b465ee728b)  -> (artifact id: 'cadff2dfeff4fb9db0d47d9b4f025379') in 0.075355 seconds
  Import took 0.077207 seconds .

========================================================================
Received Import Request.
  Time since last request: 87.474176 seconds.
  path: Assets/Player_manager.cs
  artifactKey: Guid(125b5a4c51de709468fa4f0ca5772ab5) Importer(815301076,1909f56bfc062723c751e8b465ee728b)
Start importing Assets/Player_manager.cs using Guid(125b5a4c51de709468fa4f0ca5772ab5) Importer(815301076,1909f56bfc062723c751e8b465ee728b)  -> (artifact id: '6344f00b5ec25af714ebb2576b27f358') in 0.010290 seconds
  Import took 0.012378 seconds .

========================================================================
Received Prepare
Registering precompiled user dll's ...
Registered in 0.001710 seconds.
Begin MonoManager ReloadAssembly
Native extension for WindowsStandalone target not found
Refreshing native plugins compatible for Editor in 0.40 ms, found 0 plugins.
Preloading 0 native plugins for Editor in 0.00 ms.
Invoked RoslynAnalysisRunner static constructor.
RoslynAnalysisRunner will not be running.
RoslynAnalysisRunner has terminated.
Mono: successfully reloaded assembly
- Completed reload, in  0.769 seconds
Platform modules already initialized, skipping
Refreshing native plugins compatible for Editor in 0.40 ms, found 0 plugins.
Preloading 0 native plugins for Editor in 0.00 ms.
Unloading 1185 Unused Serialized files (Serialized files now loaded: 0)
System memory in use before: 64.6 MB.
System memory in use after: 64.7 MB.

Unloading 9 unused Assets to reduce memory usage. Loaded Objects now: 1658.
Total: 1.677500 ms (FindLiveObjects: 0.251800 ms CreateObjectMapping: 0.036100 ms MarkObjects: 1.377400 ms  DeleteObjects: 0.011500 ms)

AssetImportWorkerClient::OnTransportError - code=2 error=End of file
